#########################BEGIN-PROLOG#########################
JobId             = 2012965
JobName           = HDsubmit.slurm
UserId            = wud18(20279)
GroupId           = wud18(20279)
MCS_label         = N/A
Priority          = 865
Nice              = 0
Account           = salsburygrp
QOS               = normal
Requeue           = 1
Restarts          = 0
BatchFlag         = 1
Reboot            = 0
ExitCode          = 0:0
RunTime           = 00:02:01
TimeLimit         = 1-00:00:00
TimeMin           = N/A
SubmitTime        = 2023-06-14T20:58:09
EligibleTime      = 2023-06-14T20:58:09
AccrueTime        = 2023-06-14T20:58:09
StartTime         = 2023-06-14T20:58:09
EndTime           = 2023-06-15T20:58:09
Deadline          = N/A
Partition         = small
AllocNode:Sid     = comp-21-4:201178
NodeList          = comp-22-5
BatchHost         = comp-22-5
NumNodes          = 1
NumCPUs           = 1
NumTasks          = 1
CPUs/Task         = 1
ReqB:S:C:T        = 0:0:*:*
TRES=cpu=1,mem=32G,node=1,billing= cpu=1,mem=32G,node=1,billing=8
Socks/Node        = *
NtasksPerN:B:S:C  = 1:0:*:*
CoreSpec          = *
MinCPUsNode       = 1
MinMemoryNode     = 32G
MinTmpDiskNode    = 0
Command           = /home/wud18/bash/HDsubmit.slurm
WorkDir           = /deac/phy/salsburyGrp/wud18/md/TM_mutant/clustering/protein_stride100_170sLoop
StdErr            = /deac/phy/salsburyGrp/wud18/md/TM_mutant/clustering/protein_stride100_170sLoop/slurm-2012965.out
StdOut            = /deac/phy/salsburyGrp/wud18/md/TM_mutant/clustering/protein_stride100_170sLoop/slurm-2012965.out
Power             = 
NtasksPerTRES:0   = NtasksPerTRES:0
###########################END-PROLOG#########################
sed: can't read .bash_profile_revise: No such file or directory
sed: can't read .bash_profile_revise: No such file or directory
sed: can't read .bash_profile_revise: No such file or directory
sed: can't read .bash_profile_revise: No such file or directory
sed: can't read .bash_profile_revise: No such file or directory
sed: can't read .bash_profile_revise: No such file or directory
sed: can't read .bash_profile_revise: No such file or directory
sed: can't read .bash_profile_revise: No such file or directory
sed: can't read .bash_profile_revise: No such file or directory
sed: can't read .bash_profile_revise: No such file or directory
sed: can't read .bash_profile_revise: No such file or directory
sed: can't read .bash_profile_revise: No such file or directory
sed: can't read .bash_profile_revise: No such file or directory
sed: can't read .bash_profile_revise: No such file or directory
sed: can't read .bash_profile_revise: No such file or directory
sed: can't read .bash_profile_revise: No such file or directory
sed: can't read .bash_profile_revise: No such file or directory
sed: can't read .bash_profile_revise: No such file or directory
sed: can't read .bash_profile_revise: No such file or directory
sed: can't read .bash_profile_revise: No such file or directory
sed: can't read .bash_profile_revise: No such file or directory
sed: can't read .bash_profile_revise: No such file or directory
sed: can't read .bash_profile_revise: No such file or directory
sed: can't read .bash_profile_revise: No such file or directory
sed: can't read .bash_profile_revise: No such file or directory
sed: can't read .bash_profile_revise: No such file or directory
sed: can't read .bash_profile_revise: No such file or directory
sed: can't read .bash_profile_revise: No such file or directory
sed: can't read .bash_profile_revise: No such file or directory
sed: can't read .bash_profile_revise: No such file or directory
sed: can't read .bash_profile_revise: No such file or directory
sed: can't read .bash_profile_revise: No such file or directory
sed: can't read .bash_profile_revise: No such file or directory
sed: can't read .bash_profile_revise: No such file or directory
sed: can't read .bash_profile_revise: No such file or directory
sed: can't read .bash_profile_revise: No such file or directory
sed: can't read .bash_profile_revise: No such file or directory
sed: can't read .bash_profile_revise: No such file or directory
sed: can't read .bash_profile_revise: No such file or directory
sed: can't read .bash_profile_revise: No such file or directory
sed: can't read .bash_profile_revise: No such file or directory
sed: can't read .bash_profile_revise: No such file or directory
sed: can't read .bash_profile_revise: No such file or directory
sed: can't read .bash_profile_revise: No such file or directory
sed: can't read .bash_profile_revise: No such file or directory
sed: can't read .bash_profile_revise: No such file or directory
sed: can't read .bash_profile_revise: No such file or directory
sed: can't read .bash_profile_revise: No such file or directory
sed: can't read .bash_profile_revise: No such file or directory
sed: can't read .bash_profile_revise: No such file or directory
sed: can't read .bash_profile_revise: No such file or directory
sed: can't read .bash_profile_revise: No such file or directory
sed: can't read .bash_profile_revise: No such file or directory
sed: can't read .bash_profile_revise: No such file or directory
sed: can't read .bash_profile_revise: No such file or directory
sed: can't read .bash_profile_revise: No such file or directory
sed: can't read .bash_profile_revise: No such file or directory
sed: can't read .bash_profile_revise: No such file or directory
sed: can't read .bash_profile_revise: No such file or directory
sed: can't read .bash_profile_revise: No such file or directory
sed: can't read .bash_profile_revise: No such file or directory
sed: can't read .bash_profile_revise: No such file or directory
sed: can't read .bash_profile_revise: No such file or directory
sed: can't read .bash_profile_revise: No such file or directory
sed: can't read .bash_profile_revise: No such file or directory
sed: can't read .bash_profile_revise: No such file or directory
sed: can't read .bash_profile_revise: No such file or directory
sed: can't read .bash_profile_revise: No such file or directory
sed: can't read .bash_profile_revise: No such file or directory
sed: can't read .bash_profile_revise: No such file or directory
sed: can't read .bash_profile_revise: No such file or directory
sed: can't read .bash_profile_revise: No such file or directory
sed: can't read .bash_profile_revise: No such file or directory
sed: can't read .bash_profile_revise: No such file or directory
sed: can't read .bash_profile_revise: No such file or directory
sed: can't read .bash_profile_revise: No such file or directory
sed: can't read .bash_profile_revise: No such file or directory
sed: can't read .bash_profile_revise: No such file or directory
sed: can't read .bash_profile_revise: No such file or directory
sed: can't read .bash_profile_revise: No such file or directory
sed: can't read .bash_profile_revise: No such file or directory
sed: can't read .bash_profile_revise: No such file or directory
sed: can't read .bash_profile_revise: No such file or directory
sed: can't read .bash_profile_revise: No such file or directory
sed: can't read .bash_profile_revise: No such file or directory
sed: can't read .bash_profile_revise: No such file or directory
sed: can't read .bash_profile_revise: No such file or directory
sed: can't read .bash_profile_revise: No such file or directory
sed: can't read .bash_profile_revise: No such file or directory
sed: can't read .bash_profile_revise: No such file or directory
sed: can't read .bash_profile_revise: No such file or directory
sed: can't read .bash_profile_revise: No such file or directory
sed: can't read .bash_profile_revise: No such file or directory
sed: can't read .bash_profile_revise: No such file or directory
sed: can't read .bash_profile_revise: No such file or directory
sed: can't read .bash_profile_revise: No such file or directory
sed: can't read .bash_profile_revise: No such file or directory
sed: can't read .bash_profile_revise: No such file or directory
sed: can't read .bash_profile_revise: No such file or directory
sed: can't read .bash_profile_revise: No such file or directory
sed: can't read .bash_profile_revise: No such file or directory
sed: can't read .bash_profile_revise: No such file or directory
sed: can't read .bash_profile_revise: No such file or directory
sed: can't read .bash_profile_revise: No such file or directory
sed: can't read .bash_profile_revise: No such file or directory
sed: can't read .bash_profile_revise: No such file or directory
sed: can't read .bash_profile_revise: No such file or directory
sed: can't read .bash_profile_revise: No such file or directory
sed: can't read .bash_profile_revise: No such file or directory
sed: can't read .bash_profile_revise: No such file or directory
sed: can't read .bash_profile_revise: No such file or directory
sed: can't read .bash_profile_revise: No such file or directory
sed: can't read .bash_profile_revise: No such file or directory
sed: can't read .bash_profile_revise: No such file or directory
sed: can't read .bash_profile_revise: No such file or directory
sed: can't read .bash_profile_revise: No such file or directory
sed: can't read .bash_profile_revise: No such file or directory
sed: can't read .bash_profile_revise: No such file or directory
sed: can't read .bash_profile_revise: No such file or directory
sed: can't read .bash_profile_revise: No such file or directory
sed: can't read .bash_profile_revise: No such file or directory
sed: can't read .bash_profile_revise: No such file or directory
sed: can't read .bash_profile_revise: No such file or directory
sed: can't read .bash_profile_revise: No such file or directory
sed: can't read .bash_profile_revise: No such file or directory
sed: can't read .bash_profile_revise: No such file or directory
sed: can't read .bash_profile_revise: No such file or directory
sed: can't read .bash_profile_revise: No such file or directory
sed: can't read .bash_profile_revise: No such file or directory
sed: can't read .bash_profile_revise: No such file or directory
sed: can't read .bash_profile_revise: No such file or directory
sed: can't read .bash_profile_revise: No such file or directory
sed: can't read .bash_profile_revise: No such file or directory
/home/wud18/.alias: line 34: cd: HOME not set
HDBSCAN/  IMWKRescaled/  slurm-2012965.out  slurm-2012972.out
/home/wud18/.alias: line 34: cd: HOME not set
HDBSCAN/  IMWKRescaled/  slurm-2012965.out  slurm-2012972.out
/home/wud18/.alias: line 34: cd: HOME not set
HDBSCAN/  IMWKRescaled/  slurm-2012965.out  slurm-2012972.out
/home/wud18/.alias: line 34: cd: HOME not set
HDBSCAN/  IMWKRescaled/  slurm-2012965.out  slurm-2012972.out
/home/wud18/.alias: line 34: cd: HOME not set
HDBSCAN/  IMWKRescaled/  slurm-2012965.out  slurm-2012972.out
/home/wud18/.alias: line 34: cd: HOME not set
HDBSCAN/  IMWKRescaled/  slurm-2012965.out  slurm-2012972.out
/home/wud18/.alias: line 34: cd: HOME not set
HDBSCAN/  IMWKRescaled/  slurm-2012965.out  slurm-2012972.out
/home/wud18/.alias: line 34: cd: HOME not set
HDBSCAN/  IMWKRescaled/  slurm-2012965.out  slurm-2012972.out
/home/wud18/.alias: line 34: cd: HOME not set
HDBSCAN/  IMWKRescaled/  slurm-2012965.out  slurm-2012972.out
/home/wud18/.alias: line 34: cd: HOME not set
HDBSCAN/  IMWKRescaled/  slurm-2012965.out  slurm-2012972.out
/home/wud18/.alias: line 34: cd: HOME not set
HDBSCAN/  IMWKRescaled/  slurm-2012965.out  slurm-2012972.out
/home/wud18/.alias: line 34: cd: HOME not set
HDBSCAN/  IMWKRescaled/  slurm-2012965.out  slurm-2012972.out
/home/wud18/.alias: line 34: cd: HOME not set
HDBSCAN/  IMWKRescaled/  slurm-2012965.out  slurm-2012972.out
/home/wud18/.alias: line 34: cd: HOME not set
HDBSCAN/  IMWKRescaled/  slurm-2012965.out  slurm-2012972.out
/home/wud18/.alias: line 34: cd: HOME not set
HDBSCAN/  IMWKRescaled/  slurm-2012965.out  slurm-2012972.out
/home/wud18/.alias: line 34: cd: HOME not set
HDBSCAN/  IMWKRescaled/  slurm-2012965.out  slurm-2012972.out
/home/wud18/.alias: line 34: cd: HOME not set
HDBSCAN/  IMWKRescaled/  slurm-2012965.out  slurm-2012972.out
/home/wud18/.alias: line 34: cd: HOME not set
HDBSCAN/  IMWKRescaled/  slurm-2012965.out  slurm-2012972.out
/home/wud18/.alias: line 34: cd: HOME not set
HDBSCAN/  IMWKRescaled/  slurm-2012965.out  slurm-2012972.out
cat: .bash_profile: No such file or directory
cat: .command: No such file or directory
   PID TTY          TIME CMD
  9492 ?        00:00:00 slurm_script
 10092 ?        00:00:00 bash
 10352 ?        00:00:00 bash
 10478 ?        00:00:00 bash
 10677 ?        00:00:00 bash
 11036 ?        00:00:00 bash
 13090 ?        00:00:00 slurm_script
 13830 ?        00:00:00 slurm_script
 14030 ?        00:00:00 slurm_script
 14382 ?        00:00:00 slurm_script
 14932 ?        00:00:00 slurm_script
 18057 ?        00:00:00 bash
 18058 ?        00:00:00 conda
 18079 ?        00:00:00 bash
 18080 ?        00:00:00 conda
 18181 ?        00:00:00 bash
 18182 ?        00:00:00 conda
 18185 ?        00:00:00 bash
 18186 ?        00:00:00 conda
 18203 ?        00:00:00 bash
 18204 ?        00:00:00 conda
 18207 ?        00:00:00 python
 18216 ?        00:00:00 python
 18220 ?        00:00:00 ls
 18298 ?        00:00:00 conda
 18301 ?        00:00:00 ps
 18302 ?        00:00:00 ls
/home/wud18/.alias: line 34: cd: HOME not set
HDBSCAN/  IMWKRescaled/  slurm-2012965.out  slurm-2012972.out
/deac/phy/salsburyGrp/wud18/install/anaconda3/envs/py36/lib/python3.6/site-packages/pyemma/__init__.py:92: UserWarning: You are not using the latest release of PyEMMA. Latest is 2.5.7, you have 2.5.6.
  .format(latest=latest, current=current), category=UserWarning)
/deac/phy/salsburyGrp/wud18/site-packages/Analysis/Cluster/Scorer.py:70: UserWarning: More than 10,000 samples. Silhouette will score on random sampling of 10,000.To override, score directly with scikit-learn
  warnings.warn("More than 10,000 samples. "
Make sure to use the absolute path for output directory(-o)
