#########################BEGIN-PROLOG#########################
JobId             = 2261194
JobName           = HDsubmit.slurm
UserId            = wud18(20279)
GroupId           = wud18(20279)
MCS_label         = N/A
Priority          = 869
Nice              = 0
Account           = salsburygrp
QOS               = normal
Requeue           = 1
Restarts          = 0
BatchFlag         = 1
Reboot            = 0
ExitCode          = 0:0
RunTime           = 00:00:03
TimeLimit         = 1-00:00:00
TimeMin           = N/A
SubmitTime        = 2023-08-10T17:45:34
EligibleTime      = 2023-08-10T17:45:34
AccrueTime        = 2023-08-10T17:45:34
StartTime         = 2023-08-10T17:45:34
EndTime           = 2023-08-11T17:45:34
Deadline          = N/A
Partition         = small
AllocNode:Sid     = pegasus:230323
NodeList          = comp-06-6
BatchHost         = comp-06-6
NumNodes          = 1
NumCPUs           = 1
NumTasks          = 1
CPUs/Task         = 1
ReqB:S:C:T        = 0:0:*:*
TRES=cpu=1,mem=32G,node=1,billing= cpu=1,mem=32G,node=1,billing=8
Socks/Node        = *
NtasksPerN:B:S:C  = 1:0:*:*
CoreSpec          = *
MinCPUsNode       = 1
MinMemoryNode     = 32G
MinTmpDiskNode    = 0
Command           = /home/wud18/bash/HDsubmit.slurm
WorkDir           = /deac/phy/salsburyGrp/wud18/md/TM_mutant/clustering60sLoop/protein_stride100_60sLoop_minimum_membership200
StdErr            = /deac/phy/salsburyGrp/wud18/md/TM_mutant/clustering60sLoop/protein_stride100_60sLoop_minimum_membership200/slurm-2261194.out
StdOut            = /deac/phy/salsburyGrp/wud18/md/TM_mutant/clustering60sLoop/protein_stride100_60sLoop_minimum_membership200/slurm-2261194.out
Power             = 
NtasksPerTRES:0   = NtasksPerTRES:0
###########################END-PROLOG#########################
sed: can't read .bash_profile_revise: No such file or directory
sed: can't read .bash_profile_revise: No such file or directory
sed: can't read .bash_profile_revise: No such file or directory
sed: can't read .bash_profile_revise: No such file or directory
sed: can't read .bash_profile_revise: No such file or directory
sed: can't read .bash_profile_revise: No such file or directory
sed: can't read .bash_profile_revise: No such file or directory
amd-python/  amd-R/  bash/  github/  install/  jobs/  python/  useless/  vmd/
   PID TTY          TIME CMD
175560 ?        00:00:00 slurm_script
175743 ?        00:00:00 ps
amd-python/  amd-R/  bash/  github/  install/  jobs/  python/  useless/  vmd/
/deac/phy/salsburyGrp/wud18/install/anaconda3/envs/py36/lib/python3.6/site-packages/pyemma/__init__.py:92: UserWarning: You are not using the latest release of PyEMMA. Latest is 2.5.7, you have 2.5.6.
  .format(latest=latest, current=current), category=UserWarning)
/deac/phy/salsburyGrp/wud18/site-packages/Analysis/Cluster/Scorer.py:70: UserWarning: More than 10,000 samples. Silhouette will score on random sampling of 10,000.To override, score directly with scikit-learn
  warnings.warn("More than 10,000 samples. "
Make sure to use the absolute path for output directory(-o)
