#########################BEGIN-PROLOG#########################
JobId             = 2012981
JobName           = HDsubmit.slurm
UserId            = wud18(20279)
GroupId           = wud18(20279)
MCS_label         = N/A
Priority          = 865
Nice              = 0
Account           = salsburygrp
QOS               = normal
Requeue           = 1
Restarts          = 0
BatchFlag         = 1
Reboot            = 0
ExitCode          = 0:0
RunTime           = 00:02:01
TimeLimit         = 1-00:00:00
TimeMin           = N/A
SubmitTime        = 2023-06-14T20:58:09
EligibleTime      = 2023-06-14T20:58:09
AccrueTime        = 2023-06-14T20:58:09
StartTime         = 2023-06-14T20:58:09
EndTime           = 2023-06-15T20:58:09
Deadline          = N/A
Partition         = small
AllocNode:Sid     = comp-21-4:201178
NodeList          = comp-23-8
BatchHost         = comp-23-8
NumNodes          = 1
NumCPUs           = 1
NumTasks          = 1
CPUs/Task         = 1
ReqB:S:C:T        = 0:0:*:*
TRES=cpu=1,mem=32G,node=1,billing= cpu=1,mem=32G,node=1,billing=8
Socks/Node        = *
NtasksPerN:B:S:C  = 1:0:*:*
CoreSpec          = *
MinCPUsNode       = 1
MinMemoryNode     = 32G
MinTmpDiskNode    = 0
Command           = /home/wud18/bash/HDsubmit.slurm
WorkDir           = /deac/phy/salsburyGrp/wud18/md/TM_mutant/clustering/protein_stride100_catalyticTriad
StdErr            = /deac/phy/salsburyGrp/wud18/md/TM_mutant/clustering/protein_stride100_catalyticTriad/slurm-2012981.out
StdOut            = /deac/phy/salsburyGrp/wud18/md/TM_mutant/clustering/protein_stride100_catalyticTriad/slurm-2012981.out
Power             = 
NtasksPerTRES:0   = NtasksPerTRES:0
###########################END-PROLOG#########################
sed: can't read .bash_profile_revise: No such file or directory
sed: can't read .bash_profile_revise: No such file or directory
sed: can't read .bash_profile_revise: No such file or directory
sed: can't read .bash_profile_revise: No such file or directory
sed: can't read .bash_profile_revise: No such file or directory
sed: can't read .bash_profile_revise: No such file or directory
sed: can't read .bash_profile_revise: No such file or directory
sed: can't read .bash_profile_revise: No such file or directory
sed: can't read .bash_profile_revise: No such file or directory
sed: can't read .bash_profile_revise: No such file or directory
sed: can't read .bash_profile_revise: No such file or directory
sed: can't read .bash_profile_revise: No such file or directory
sed: can't read .bash_profile_revise: No such file or directory
sed: can't read .bash_profile_revise: No such file or directory
sed: can't read .bash_profile_revise: No such file or directory
sed: can't read .bash_profile_revise: No such file or directory
sed: can't read .bash_profile_revise: No such file or directory
sed: can't read .bash_profile_revise: No such file or directory
sed: can't read .bash_profile_revise: No such file or directory
sed: can't read .bash_profile_revise: No such file or directory
sed: can't read .bash_profile_revise: No such file or directory
sed: can't read .bash_profile_revise: No such file or directory
sed: can't read .bash_profile_revise: No such file or directory
sed: can't read .bash_profile_revise: No such file or directory
sed: can't read .bash_profile_revise: No such file or directory
sed: can't read .bash_profile_revise: No such file or directory
sed: can't read .bash_profile_revise: No such file or directory
sed: can't read .bash_profile_revise: No such file or directory
sed: can't read .bash_profile_revise: No such file or directory
sed: can't read .bash_profile_revise: No such file or directory
sed: can't read .bash_profile_revise: No such file or directory
sed: can't read .bash_profile_revise: No such file or directory
sed: can't read .bash_profile_revise: No such file or directory
sed: can't read .bash_profile_revise: No such file or directory
sed: can't read .bash_profile_revise: No such file or directory
sed: can't read .bash_profile_revise: No such file or directory
sed: can't read .bash_profile_revise: No such file or directory
sed: can't read .bash_profile_revise: No such file or directory
sed: can't read .bash_profile_revise: No such file or directory
sed: can't read .bash_profile_revise: No such file or directory
sed: can't read .bash_profile_revise: No such file or directory
sed: can't read .bash_profile_revise: No such file or directory
sed: can't read .bash_profile_revise: No such file or directory
sed: can't read .bash_profile_revise: No such file or directory
sed: can't read .bash_profile_revise: No such file or directory
sed: can't read .bash_profile_revise: No such file or directory
sed: can't read .bash_profile_revise: No such file or directory
sed: can't read .bash_profile_revise: No such file or directory
sed: can't read .bash_profile_revise: No such file or directory
sed: can't read .bash_profile_revise: No such file or directory
sed: can't read .bash_profile_revise: No such file or directory
sed: can't read .bash_profile_revise: No such file or directory
sed: can't read .bash_profile_revise: No such file or directory
sed: can't read .bash_profile_revise: No such file or directory
sed: can't read .bash_profile_revise: No such file or directory
sed: can't read .bash_profile_revise: No such file or directory
cp: cannot create regular file ‘/home/wud18/.bash_profile_revise’: File exists
sed: can't read .bash_profile_revise: No such file or directory
sed: can't read .bash_profile_revise: No such file or directory
sed: can't read .bash_profile_revise: No such file or directory
sed: can't read .bash_profile_revise: No such file or directory
sed: can't read .bash_profile_revise: No such file or directory
sed: can't read .bash_profile_revise: No such file or directory
sed: can't read .bash_profile_revise: No such file or directory
sed: can't read .bash_profile_revise: No such file or directory
sed: can't read .bash_profile_revise: No such file or directory
sed: can't read .bash_profile_revise: No such file or directory
sed: can't read .bash_profile_revise: No such file or directory
sed: can't read .bash_profile_revise: No such file or directory
sed: can't read .bash_profile_revise: No such file or directory
sed: can't read .bash_profile_revise: No such file or directory
sed: can't read .bash_profile_revise: No such file or directory
sed: can't read .bash_profile_revise: No such file or directory
sed: can't read .bash_profile_revise: No such file or directory
sed: can't read .bash_profile_revise: No such file or directory
sed: can't read .bash_profile_revise: No such file or directory
sed: can't read .bash_profile_revise: No such file or directory
sed: can't read .bash_profile_revise: No such file or directory
sed: can't read .bash_profile_revise: No such file or directory
sed: can't read .bash_profile_revise: No such file or directory
sed: can't read .bash_profile_revise: No such file or directory
sed: can't read .bash_profile_revise: No such file or directory
sed: can't read .bash_profile_revise: No such file or directory
sed: can't read .bash_profile_revise: No such file or directory
sed: can't read .bash_profile_revise: No such file or directory
sed: can't read .bash_profile_revise: No such file or directory
sed: can't read .bash_profile_revise: No such file or directory
sed: can't read .bash_profile_revise: No such file or directory
sed: can't read .bash_profile_revise: No such file or directory
sed: can't read .bash_profile_revise: No such file or directory
sed: can't read .bash_profile_revise: No such file or directory
sed: can't read .bash_profile_revise: No such file or directory
sed: can't read .bash_profile_revise: No such file or directory
sed: can't read .bash_profile_revise: No such file or directory
sed: can't read .bash_profile_revise: No such file or directory
sed: can't read .bash_profile_revise: No such file or directory
sed: can't read .bash_profile_revise: No such file or directory
sed: can't read .bash_profile_revise: No such file or directory
sed: can't read .bash_profile_revise: No such file or directory
sed: can't read .bash_profile_revise: No such file or directory
sed: can't read .bash_profile_revise: No such file or directory
sed: can't read .bash_profile_revise: No such file or directory
sed: can't read .bash_profile_revise: No such file or directory
sed: can't read .bash_profile_revise: No such file or directory
sed: can't read .bash_profile_revise: No such file or directory
sed: can't read .bash_profile_revise: No such file or directory
sed: can't read .bash_profile_revise: No such file or directory
sed: can't read .bash_profile_revise: No such file or directory
sed: can't read .bash_profile_revise: No such file or directory
sed: can't read .bash_profile_revise: No such file or directory
sed: can't read .bash_profile_revise: No such file or directory
sed: can't read .bash_profile_revise: No such file or directory
sed: can't read .bash_profile_revise: No such file or directory
sed: can't read .bash_profile_revise: No such file or directory
sed: can't read .bash_profile_revise: No such file or directory
sed: can't read .bash_profile_revise: No such file or directory
sed: can't read .bash_profile_revise: No such file or directory
sed: can't read .bash_profile_revise: No such file or directory
sed: can't read .bash_profile_revise: No such file or directory
sed: can't read .bash_profile_revise: No such file or directory
sed: can't read .bash_profile_revise: No such file or directory
sed: can't read .bash_profile_revise: No such file or directory
sed: can't read .bash_profile_revise: No such file or directory
sed: can't read .bash_profile_revise: No such file or directory
sed: can't read .bash_profile_revise: No such file or directory
sed: can't read .bash_profile_revise: No such file or directory
sed: can't read .bash_profile_revise: No such file or directory
/home/wud18/.alias: line 34: cd: HOME not set
HDBSCAN/  IMWKRescaled/  slurm-2012981.out  slurm-2012989.out
/home/wud18/.alias: line 34: cd: HOME not set
HDBSCAN/  IMWKRescaled/  slurm-2012981.out  slurm-2012989.out
/home/wud18/.alias: line 34: cd: HOME not set
HDBSCAN/  IMWKRescaled/  slurm-2012981.out  slurm-2012989.out
/home/wud18/.alias: line 34: cd: HOME not set
HDBSCAN/  IMWKRescaled/  slurm-2012981.out  slurm-2012989.out
/home/wud18/.alias: line 34: cd: HOME not set
HDBSCAN/  IMWKRescaled/  slurm-2012981.out  slurm-2012989.out
/home/wud18/.alias: line 34: cd: HOME not set
HDBSCAN/  IMWKRescaled/  slurm-2012981.out  slurm-2012989.out
/home/wud18/.alias: line 34: cd: HOME not set
HDBSCAN/  IMWKRescaled/  slurm-2012981.out  slurm-2012989.out
/home/wud18/.alias: line 34: cd: HOME not set
HDBSCAN/  IMWKRescaled/  slurm-2012981.out  slurm-2012989.out
/home/wud18/.alias: line 34: cd: HOME not set
HDBSCAN/  IMWKRescaled/  slurm-2012981.out  slurm-2012989.out
/home/wud18/.alias: line 34: cd: HOME not set
HDBSCAN/  IMWKRescaled/  slurm-2012981.out  slurm-2012989.out
/home/wud18/.alias: line 34: cd: HOME not set
HDBSCAN/  IMWKRescaled/  slurm-2012981.out  slurm-2012989.out
/home/wud18/.alias: line 34: cd: HOME not set
HDBSCAN/  IMWKRescaled/  slurm-2012981.out  slurm-2012989.out
/home/wud18/.alias: line 34: cd: HOME not set
HDBSCAN/  IMWKRescaled/  slurm-2012981.out  slurm-2012989.out
/home/wud18/.alias: line 34: cd: HOME not set
HDBSCAN/  IMWKRescaled/  slurm-2012981.out  slurm-2012989.out
/home/wud18/.alias: line 34: cd: HOME not set
HDBSCAN/  IMWKRescaled/  slurm-2012981.out  slurm-2012989.out
/home/wud18/.alias: line 34: cd: HOME not set
HDBSCAN/  IMWKRescaled/  slurm-2012981.out  slurm-2012989.out
/home/wud18/.alias: line 34: cd: HOME not set
HDBSCAN/  IMWKRescaled/  slurm-2012981.out  slurm-2012989.out
/home/wud18/.alias: line 34: cd: HOME not set
HDBSCAN/  IMWKRescaled/  slurm-2012981.out  slurm-2012989.out
cat: .bash_profile: No such file or directory
cat: .command: No such file or directory
   PID TTY          TIME CMD
 15854 ?        00:00:00 bash
 15947 ?        00:00:00 bash
 15957 ?        00:00:00 bash
 16169 ?        00:00:00 bash
 16254 ?        00:00:00 bash
 16536 ?        00:00:00 bash
 16784 ?        00:00:00 bash
 17672 ?        00:00:00 slurm_script
 17845 ?        00:00:00 slurm_script
 17918 ?        00:00:00 slurm_script
 18411 ?        00:00:00 slurm_script
 18739 ?        00:00:00 slurm_script
 19516 ?        00:00:00 slurm_script
 20703 ?        00:00:00 slurm_script
 21206 ?        00:00:00 bash
 21207 ?        00:00:00 conda
 21224 ?        00:00:00 bash
 21225 ?        00:00:00 conda
 21227 ?        00:00:00 bash
 21228 ?        00:00:00 conda
 21276 ?        00:00:00 bash
 21277 ?        00:00:00 conda
 21424 ?        00:00:00 python
 21441 ?        00:00:00 bash
 21442 ?        00:00:00 conda
 21471 ?        00:00:00 python
 21472 ?        00:00:00 python
 21511 ?        00:00:00 ls
 21517 ?        00:00:00 slurm_script
 21518 ?        00:00:00 python
 21519 ?        00:00:00 ls
 21599 ?        00:00:00 conda
 21604 ?        00:00:00 ps
/home/wud18/.alias: line 34: cd: HOME not set
HDBSCAN/  IMWKRescaled/  slurm-2012981.out  slurm-2012989.out
/deac/phy/salsburyGrp/wud18/install/anaconda3/envs/py36/lib/python3.6/site-packages/pyemma/__init__.py:92: UserWarning: You are not using the latest release of PyEMMA. Latest is 2.5.7, you have 2.5.6.
  .format(latest=latest, current=current), category=UserWarning)
/deac/phy/salsburyGrp/wud18/site-packages/Analysis/Cluster/Scorer.py:70: UserWarning: More than 10,000 samples. Silhouette will score on random sampling of 10,000.To override, score directly with scikit-learn
  warnings.warn("More than 10,000 samples. "
Make sure to use the absolute path for output directory(-o)
